Using pre-set license
Built from '2021.3/release' branch; Version is '2021.3.27f1 (ca3ffb99bcc6) revision 13254651'; Using compiler version '192829333'; Build Type 'Release'
OS: 'Windows 11  (10.0.22621) 64bit Professional' Language: 'en' Physical Memory: 24253 MB
BatchMode: 1, IsHumanControllingUs: 0, StartBugReporterOnCrash: 0, Is64bit: 1, IsPro: 1

COMMAND LINE ARGUMENTS:
C:\Program Files\Unity\Hub\Editor\2021.3.27f1\Editor\Unity.exe
-adb2
-batchMode
-noUpm
-name
AssetImportWorker0
-projectPath
C:/Users/astro/Github/Unity-Junior-Programmer-Projects/Prototype 3 - Sound and Effects
-logFile
Logs/AssetImportWorker0.log
-srvPort
64591
Successfully changed project path to: C:/Users/astro/Github/Unity-Junior-Programmer-Projects/Prototype 3 - Sound and Effects
C:/Users/astro/Github/Unity-Junior-Programmer-Projects/Prototype 3 - Sound and Effects
[UnityMemory] Configuration Parameters - Can be set up in boot.config
    "memorysetup-bucket-allocator-granularity=16"
    "memorysetup-bucket-allocator-bucket-count=8"
    "memorysetup-bucket-allocator-block-size=33554432"
    "memorysetup-bucket-allocator-block-count=8"
    "memorysetup-main-allocator-block-size=16777216"
    "memorysetup-thread-allocator-block-size=16777216"
    "memorysetup-gfx-main-allocator-block-size=16777216"
    "memorysetup-gfx-thread-allocator-block-size=16777216"
    "memorysetup-cache-allocator-block-size=4194304"
    "memorysetup-typetree-allocator-block-size=2097152"
    "memorysetup-profiler-bucket-allocator-granularity=16"
    "memorysetup-profiler-bucket-allocator-bucket-count=8"
    "memorysetup-profiler-bucket-allocator-block-size=33554432"
    "memorysetup-profiler-bucket-allocator-block-count=8"
    "memorysetup-profiler-allocator-block-size=16777216"
    "memorysetup-profiler-editor-allocator-block-size=1048576"
    "memorysetup-temp-allocator-size-main=16777216"
    "memorysetup-job-temp-allocator-block-size=2097152"
    "memorysetup-job-temp-allocator-block-size-background=1048576"
    "memorysetup-job-temp-allocator-reduction-small-platforms=262144"
    "memorysetup-temp-allocator-size-background-worker=32768"
    "memorysetup-temp-allocator-size-job-worker=262144"
    "memorysetup-temp-allocator-size-preload-manager=33554432"
    "memorysetup-temp-allocator-size-nav-mesh-worker=65536"
    "memorysetup-temp-allocator-size-audio-worker=65536"
    "memorysetup-temp-allocator-size-cloud-worker=32768"
    "memorysetup-temp-allocator-size-gi-baking-worker=262144"
    "memorysetup-temp-allocator-size-gfx=262144"
Player connection [14580] Host "[IP] 192.168.56.1 [Port] 0 [Flags] 2 [Guid] 1346951556 [EditorId] 1346951556 [Version] 1048832 [Id] WindowsEditor(7,TITAN) [Debug] 1 [PackageName] WindowsEditor [ProjectName] Editor" joined multi-casting on [225.0.0.222:54997]...

Player connection [14580] Host "[IP] 192.168.56.1 [Port] 0 [Flags] 2 [Guid] 1346951556 [EditorId] 1346951556 [Version] 1048832 [Id] WindowsEditor(7,TITAN) [Debug] 1 [PackageName] WindowsEditor [ProjectName] Editor" joined alternative multi-casting on [225.0.0.222:34997]...

Refreshing native plugins compatible for Editor in 55.63 ms, found 3 plugins.
Preloading 0 native plugins for Editor in 0.00 ms.
Initialize engine version: 2021.3.27f1 (ca3ffb99bcc6)
[Subsystems] Discovering subsystems at path C:/Program Files/Unity/Hub/Editor/2021.3.27f1/Editor/Data/Resources/UnitySubsystems
[Subsystems] Discovering subsystems at path C:/Users/astro/Github/Unity-Junior-Programmer-Projects/Prototype 3 - Sound and Effects/Assets
GfxDevice: creating device client; threaded=0; jobified=0
Direct3D:
    Version:  Direct3D 11.0 [level 11.1]
    Renderer: NVIDIA GeForce RTX 3060 Laptop GPU (ID=0x2520)
    Vendor:   NVIDIA
    VRAM:     6009 MB
    Driver:   31.0.15.2756
Initialize mono
Mono path[0] = 'C:/Program Files/Unity/Hub/Editor/2021.3.27f1/Editor/Data/Managed'
Mono path[1] = 'C:/Program Files/Unity/Hub/Editor/2021.3.27f1/Editor/Data/MonoBleedingEdge/lib/mono/unityjit-win32'
Mono config path = 'C:/Program Files/Unity/Hub/Editor/2021.3.27f1/Editor/Data/MonoBleedingEdge/etc'
Using monoOptions --debugger-agent=transport=dt_socket,embedding=1,server=y,suspend=n,address=127.0.0.1:56572
Begin MonoManager ReloadAssembly
Registering precompiled unity dll's ...
Register platform support module: C:/Program Files/Unity/Hub/Editor/2021.3.27f1/Editor/Data/PlaybackEngines/WindowsStandaloneSupport/UnityEditor.WindowsStandalone.Extensions.dll
Registered in 0.002774 seconds.
Native extension for WindowsStandalone target not found
Refreshing native plugins compatible for Editor in 55.34 ms, found 3 plugins.
Preloading 0 native plugins for Editor in 0.00 ms.
Mono: successfully reloaded assembly
- Completed reload, in  0.518 seconds
Domain Reload Profiling:
	ReloadAssembly (519ms)
		BeginReloadAssembly (66ms)
			ExecutionOrderSort (0ms)
			DisableScriptedObjects (0ms)
			BackupInstance (0ms)
			ReleaseScriptingObjects (0ms)
			CreateAndSetChildDomain (1ms)
		EndReloadAssembly (373ms)
			LoadAssemblies (64ms)
			RebuildTransferFunctionScriptingTraits (0ms)
			SetupTypeCache (95ms)
			ReleaseScriptCaches (0ms)
			RebuildScriptCaches (22ms)
			SetupLoadedEditorAssemblies (217ms)
				LogAssemblyErrors (0ms)
				InitializePlatformSupportModulesInManaged (6ms)
				SetLoadedEditorAssemblies (0ms)
				RefreshPlugins (55ms)
				BeforeProcessingInitializeOnLoad (1ms)
				ProcessInitializeOnLoadAttributes (114ms)
				ProcessInitializeOnLoadMethodAttributes (40ms)
				AfterProcessingInitializeOnLoad (0ms)
				EditorAssembliesLoaded (0ms)
			ExecutionOrderSort2 (0ms)
			AwakeInstancesAfterBackupRestoration (0ms)
Platform modules already initialized, skipping
Registering precompiled user dll's ...
Registered in 0.003455 seconds.
Begin MonoManager ReloadAssembly
Symbol file LoadedFromMemory doesn't match image C:\Users\astro\Github\Unity-Junior-Programmer-Projects\Prototype 3 - Sound and Effects\Library\PackageCache\com.unity.visualscripting@1.8.0\Editor\VisualScripting.Core\Dependencies\YamlDotNet\Unity.VisualScripting.YamlDotNet.dll
Symbol file LoadedFromMemory doesn't match image C:\Users\astro\Github\Unity-Junior-Programmer-Projects\Prototype 3 - Sound and Effects\Library\PackageCache\com.unity.visualscripting@1.8.0\Editor\VisualScripting.Core\Dependencies\DotNetZip\Unity.VisualScripting.IonicZip.dll
Native extension for WindowsStandalone target not found
Refreshing native plugins compatible for Editor in 0.60 ms, found 3 plugins.
Preloading 0 native plugins for Editor in 0.00 ms.
Mono: successfully reloaded assembly
- Completed reload, in  0.845 seconds
Domain Reload Profiling:
	ReloadAssembly (845ms)
		BeginReloadAssembly (107ms)
			ExecutionOrderSort (0ms)
			DisableScriptedObjects (4ms)
			BackupInstance (0ms)
			ReleaseScriptingObjects (0ms)
			CreateAndSetChildDomain (19ms)
		EndReloadAssembly (650ms)
			LoadAssemblies (76ms)
			RebuildTransferFunctionScriptingTraits (0ms)
			SetupTypeCache (222ms)
			ReleaseScriptCaches (1ms)
			RebuildScriptCaches (47ms)
			SetupLoadedEditorAssemblies (280ms)
				LogAssemblyErrors (0ms)
				InitializePlatformSupportModulesInManaged (4ms)
				SetLoadedEditorAssemblies (0ms)
				RefreshPlugins (1ms)
				BeforeProcessingInitializeOnLoad (64ms)
				ProcessInitializeOnLoadAttributes (182ms)
				ProcessInitializeOnLoadMethodAttributes (22ms)
				AfterProcessingInitializeOnLoad (6ms)
				EditorAssembliesLoaded (0ms)
			ExecutionOrderSort2 (0ms)
			AwakeInstancesAfterBackupRestoration (6ms)
Platform modules already initialized, skipping
========================================================================
Worker process is ready to serve import requests
Launched and connected shader compiler UnityShaderCompiler.exe after 0.05 seconds
Refreshing native plugins compatible for Editor in 0.91 ms, found 3 plugins.
Preloading 0 native plugins for Editor in 0.00 ms.
Unloading 3052 Unused Serialized files (Serialized files now loaded: 0)
Unloading 22 unused Assets / (46.6 KB). Loaded Objects now: 3514.
Memory consumption went from 108.6 MB to 108.6 MB.
Total: 3.247200 ms (FindLiveObjects: 0.299600 ms CreateObjectMapping: 0.118500 ms MarkObjects: 2.741900 ms  DeleteObjects: 0.085700 ms)

AssetImportParameters requested are different than current active one (requested -> active):
  custom:video-decoder-ogg-theora: a1e56fd34408186e4bbccfd4996cb3dc -> 
  custom:container-muxer-webm: aa71ff27fc2769a1b78a27578f13a17b -> 
  custom:container-demuxer-webm: 4f35f7cbe854078d1ac9338744f61a02 -> 
  custom:video-encoder-webm-vp8: eb34c28f22e8b96e1ab97ce403110664 -> 
  custom:video-codec-MediaFoundation-h265: 746d11721c4dcdbdad8f713fa42b33f4 -> 
  custom:audio-encoder-webm-vorbis: bf7c407c2cedff20999df2af8eb42d56 -> 
  custom:framework-win-MediaFoundation: 216162199b28c13a410421893ffa2e32 -> 
  custom:container-demuxer-ogg: 62fdf1f143b41e24485cea50d1cbac27 -> 
  custom:video-decoder-webm-vp8: 9c59270c3fd7afecdb556c50c9e8de78 -> 
  custom:audio-decoder-ogg-vorbis: bf7c407c2cedff20999df2af8eb42d56 -> 
========================================================================
Received Import Request.
  Time since last request: 186572.300220 seconds.
  path: Assets/Course Library/_Source_Files
  artifactKey: Guid(8ad99b1e1c794459f92ac7d11d87e86b) Importer(815301076,1909f56bfc062723c751e8b465ee728b)
Start importing Assets/Course Library/_Source_Files using Guid(8ad99b1e1c794459f92ac7d11d87e86b) Importer(815301076,1909f56bfc062723c751e8b465ee728b)  -> (artifact id: '02ace69b51394a016afe209b8330ec99') in 0.017869 seconds 
========================================================================
Received Import Request.
  Time since last request: 1.484897 seconds.
  path: Assets/Course Library/Characters
  artifactKey: Guid(2ab30495d8cc04868921a3eb89f430d4) Importer(815301076,1909f56bfc062723c751e8b465ee728b)
Start importing Assets/Course Library/Characters using Guid(2ab30495d8cc04868921a3eb89f430d4) Importer(815301076,1909f56bfc062723c751e8b465ee728b)  -> (artifact id: '2ce967243ca40fb0853609b80ff0f234') in 0.012411 seconds 
========================================================================
Received Import Request.
  Time since last request: 1.584288 seconds.
  path: Assets/Course Library/Obstacles
  artifactKey: Guid(ddb4cb5c4f2814abf8d7bd997ea808c2) Importer(815301076,1909f56bfc062723c751e8b465ee728b)
Start importing Assets/Course Library/Obstacles using Guid(ddb4cb5c4f2814abf8d7bd997ea808c2) Importer(815301076,1909f56bfc062723c751e8b465ee728b)  -> (artifact id: '686a9167aa94c54b7e7806f56b0604d1') in 0.039186 seconds 
========================================================================
Received Import Request.
  Time since last request: 0.018738 seconds.
  path: Assets/Course Library/Obstacles/Barrel_01.prefab
  artifactKey: Guid(95927758d3a4cef4ba6c4318f06876fd) Importer(815301076,1909f56bfc062723c751e8b465ee728b)
Start importing Assets/Course Library/Obstacles/Barrel_01.prefab using Guid(95927758d3a4cef4ba6c4318f06876fd) Importer(815301076,1909f56bfc062723c751e8b465ee728b)  -> (artifact id: '85f792c5e0a7ecb4cbd88cfbfce3291a') in 0.343375 seconds 
========================================================================
Received Import Request.
  Time since last request: 0.000031 seconds.
  path: Assets/Course Library/Obstacles/Prop_Spool_02.prefab
  artifactKey: Guid(3daef342e8f3f9548b04424eac7d4d0d) Importer(815301076,1909f56bfc062723c751e8b465ee728b)
Start importing Assets/Course Library/Obstacles/Prop_Spool_02.prefab using Guid(3daef342e8f3f9548b04424eac7d4d0d) Importer(815301076,1909f56bfc062723c751e8b465ee728b)  -> (artifact id: '6bb07b23c1c9b73fbb81242ee9a4f328') in 0.024242 seconds 
========================================================================
Received Import Request.
  Time since last request: 0.000033 seconds.
  path: Assets/Course Library/Obstacles/Prop_Barrier02.prefab
  artifactKey: Guid(367149bd17c4d4d4e8868ec6a5cf8d45) Importer(815301076,1909f56bfc062723c751e8b465ee728b)
Start importing Assets/Course Library/Obstacles/Prop_Barrier02.prefab using Guid(367149bd17c4d4d4e8868ec6a5cf8d45) Importer(815301076,1909f56bfc062723c751e8b465ee728b)  -> (artifact id: 'b3c9dcbf6950ef0417152e56129c83c8') in 0.177300 seconds 
========================================================================
Received Import Request.
  Time since last request: 0.000055 seconds.
  path: Assets/Course Library/Obstacles/Prop_StoneWall_01.prefab
  artifactKey: Guid(aa7a79e53bee7d64e9b1fb9894a773a5) Importer(815301076,1909f56bfc062723c751e8b465ee728b)
Start importing Assets/Course Library/Obstacles/Prop_StoneWall_01.prefab using Guid(aa7a79e53bee7d64e9b1fb9894a773a5) Importer(815301076,1909f56bfc062723c751e8b465ee728b)  -> (artifact id: '9be56a28da1e3cc3a2656b33faa7e06d') in 0.119578 seconds 
========================================================================
Received Import Request.
  Time since last request: 0.000046 seconds.
  path: Assets/Course Library/Obstacles/Crate_01.prefab
  artifactKey: Guid(71782582b9d2cac4cba5251a3b767d13) Importer(815301076,1909f56bfc062723c751e8b465ee728b)
Start importing Assets/Course Library/Obstacles/Crate_01.prefab using Guid(71782582b9d2cac4cba5251a3b767d13) Importer(815301076,1909f56bfc062723c751e8b465ee728b)  -> (artifact id: 'e9a09f23e6c9139e1380e580cb67eaa0') in 0.022910 seconds 
========================================================================
Received Import Request.
  Time since last request: 0.727198 seconds.
  path: Assets/Course Library/Particles
  artifactKey: Guid(9cdd9441c667e4aff86eb20fe9865647) Importer(815301076,1909f56bfc062723c751e8b465ee728b)
Start importing Assets/Course Library/Particles using Guid(9cdd9441c667e4aff86eb20fe9865647) Importer(815301076,1909f56bfc062723c751e8b465ee728b)  -> (artifact id: 'e2e82786e099e06a5ec51e781cab2d4b') in 0.013951 seconds 
========================================================================
Received Import Request.
  Time since last request: 0.022596 seconds.
  path: Assets/Course Library/Particles/FX_DirtSplatter.prefab
  artifactKey: Guid(fb82dfb8d1c7044c69afd2486befecb3) Importer(815301076,1909f56bfc062723c751e8b465ee728b)
Start importing Assets/Course Library/Particles/FX_DirtSplatter.prefab using Guid(fb82dfb8d1c7044c69afd2486befecb3) Importer(815301076,1909f56bfc062723c751e8b465ee728b)  -> (artifact id: '2e60bcfdc6b9d20ce2e466a923f59a6a') in 0.021235 seconds 
========================================================================
Received Import Request.
  Time since last request: 1.830332 seconds.
  path: Assets/Scenes
  artifactKey: Guid(79ba6a732722aa2469cba626ce4a938d) Importer(815301076,1909f56bfc062723c751e8b465ee728b)
Start importing Assets/Scenes using Guid(79ba6a732722aa2469cba626ce4a938d) Importer(815301076,1909f56bfc062723c751e8b465ee728b)  -> (artifact id: '31b5170d7538837464fdb5d768be71f8') in 0.018695 seconds 
========================================================================
Received Import Request.
  Time since last request: 52.685159 seconds.
  path: Assets/Course Library/_Source_Files/Textures/Background_Nature.png
  artifactKey: Guid(17881b719d84f46169e88d04d594eb75) Importer(815301076,1909f56bfc062723c751e8b465ee728b)
Start importing Assets/Course Library/_Source_Files/Textures/Background_Nature.png using Guid(17881b719d84f46169e88d04d594eb75) Importer(815301076,1909f56bfc062723c751e8b465ee728b)  -> (artifact id: 'b7871e8c099ee5ed7737bcbb5df7e97e') in 0.157492 seconds 
========================================================================
Received Import Request.
  Time since last request: 0.000034 seconds.
  path: Assets/Course Library/_Source_Files/Textures/SimpleFarmer_FarmWrangler_Black.png
  artifactKey: Guid(e3f5ae7056ee847478654d8ef6f4c4ad) Importer(815301076,1909f56bfc062723c751e8b465ee728b)
Start importing Assets/Course Library/_Source_Files/Textures/SimpleFarmer_FarmWrangler_Black.png using Guid(e3f5ae7056ee847478654d8ef6f4c4ad) Importer(815301076,1909f56bfc062723c751e8b465ee728b)  -> (artifact id: '36b558b3070e96e0f8d0a1a9c7787c79') in 0.026120 seconds 
========================================================================
Received Import Request.
  Time since last request: 0.000070 seconds.
  path: Assets/Course Library/_Source_Files/Textures/SimplePeople_Doctor_White.png
  artifactKey: Guid(fe1471620c6980246afa8143d135e9fc) Importer(815301076,1909f56bfc062723c751e8b465ee728b)
Start importing Assets/Course Library/_Source_Files/Textures/SimplePeople_Doctor_White.png using Guid(fe1471620c6980246afa8143d135e9fc) Importer(815301076,1909f56bfc062723c751e8b465ee728b)  -> (artifact id: 'ba268b6a48c3618e3eb35f0afbe6e753') in 0.025908 seconds 
========================================================================
Received Import Request.
  Time since last request: 0.000060 seconds.
  path: Assets/Course Library/_Source_Files/Textures/SimplePeople_Punk_White.png
  artifactKey: Guid(b900139b444721d4eb7ea7bf1311c4f3) Importer(815301076,1909f56bfc062723c751e8b465ee728b)
Start importing Assets/Course Library/_Source_Files/Textures/SimplePeople_Punk_White.png using Guid(b900139b444721d4eb7ea7bf1311c4f3) Importer(815301076,1909f56bfc062723c751e8b465ee728b)  -> (artifact id: '529a739a223748964672e24bab8182cb') in 0.031888 seconds 
========================================================================
Received Import Request.
  Time since last request: 0.000028 seconds.
  path: Assets/Course Library/_Source_Files/Textures/SimplePeople_BusinessMan_Black.png
  artifactKey: Guid(9506c885cd9fa144e9142a03fbd99dd6) Importer(815301076,1909f56bfc062723c751e8b465ee728b)
Start importing Assets/Course Library/_Source_Files/Textures/SimplePeople_BusinessMan_Black.png using Guid(9506c885cd9fa144e9142a03fbd99dd6) Importer(815301076,1909f56bfc062723c751e8b465ee728b)  -> (artifact id: '601512dd720cad0e6ca964a75fc4003c') in 0.022932 seconds 
========================================================================
Received Import Request.
  Time since last request: 0.000039 seconds.
  path: Assets/Course Library/_Source_Files/Textures/SimplePeople_RoadWorker_Brown.png
  artifactKey: Guid(a97b265ea09bf7c45b1ad1dc247ab689) Importer(815301076,1909f56bfc062723c751e8b465ee728b)
Start importing Assets/Course Library/_Source_Files/Textures/SimplePeople_RoadWorker_Brown.png using Guid(a97b265ea09bf7c45b1ad1dc247ab689) Importer(815301076,1909f56bfc062723c751e8b465ee728b)  -> (artifact id: 'd3ee498a2efe796e08bf80dc4836a0f8') in 0.022172 seconds 
========================================================================
Received Import Request.
  Time since last request: 0.000051 seconds.
  path: Assets/Course Library/_Source_Files/Textures/SimplePeople_RoadWorker_Black.png
  artifactKey: Guid(9d815fed57ec7fe40a9d89cd5a708ea8) Importer(815301076,1909f56bfc062723c751e8b465ee728b)
Start importing Assets/Course Library/_Source_Files/Textures/SimplePeople_RoadWorker_Black.png using Guid(9d815fed57ec7fe40a9d89cd5a708ea8) Importer(815301076,1909f56bfc062723c751e8b465ee728b)  -> (artifact id: '08481c2a083db5de144943d41b315d8e') in 0.022943 seconds 
========================================================================
Received Import Request.
  Time since last request: 0.000032 seconds.
  path: Assets/Course Library/_Source_Files/Textures/PolygonPrototype_Texture_04.png
  artifactKey: Guid(56d0dcfd4f388074b86b2ca24191e027) Importer(815301076,1909f56bfc062723c751e8b465ee728b)
Start importing Assets/Course Library/_Source_Files/Textures/PolygonPrototype_Texture_04.png using Guid(56d0dcfd4f388074b86b2ca24191e027) Importer(815301076,1909f56bfc062723c751e8b465ee728b)  -> (artifact id: 'bbb9c9fdc984da3b1839e98a2549a880') in 0.025357 seconds 
========================================================================
Received Import Request.
  Time since last request: 0.000054 seconds.
  path: Assets/Course Library/_Source_Files/Textures/SimplePeople_Punk_Brown.png
  artifactKey: Guid(be907f43491cbfb488b6f7d8b273fb69) Importer(815301076,1909f56bfc062723c751e8b465ee728b)
Start importing Assets/Course Library/_Source_Files/Textures/SimplePeople_Punk_Brown.png using Guid(be907f43491cbfb488b6f7d8b273fb69) Importer(815301076,1909f56bfc062723c751e8b465ee728b)  -> (artifact id: 'a075917cad490ad6d3115be09ac9ad53') in 0.021428 seconds 
========================================================================
Received Import Request.
  Time since last request: 0.000039 seconds.
  path: Assets/Course Library/_Source_Files/Textures/SimplePort.png
  artifactKey: Guid(eddd954894fbf3c42aedd49856d24e81) Importer(815301076,1909f56bfc062723c751e8b465ee728b)
Start importing Assets/Course Library/_Source_Files/Textures/SimplePort.png using Guid(eddd954894fbf3c42aedd49856d24e81) Importer(815301076,1909f56bfc062723c751e8b465ee728b)  -> (artifact id: 'f1cf3ef70edd356e3a14183a58de09c2') in 0.029814 seconds 
========================================================================
Received Import Request.
  Time since last request: 99.385959 seconds.
  path: Assets/Course Library/Characters/Farm/SimpleFarmer_Man_01_Brown.prefab
  artifactKey: Guid(6f52b946693e54048af74f5cd6ba49f8) Importer(815301076,1909f56bfc062723c751e8b465ee728b)
Start importing Assets/Course Library/Characters/Farm/SimpleFarmer_Man_01_Brown.prefab using Guid(6f52b946693e54048af74f5cd6ba49f8) Importer(815301076,1909f56bfc062723c751e8b465ee728b)  -> (artifact id: '96e6f01e2f14f8fc06b9778859c78057') in 0.084806 seconds 
========================================================================
Received Import Request.
  Time since last request: 0.000046 seconds.
  path: Assets/Course Library/Characters/Farm/SimpleFarmer_Man_02_Brown.prefab
  artifactKey: Guid(814f4326a50812947b2469896d89a215) Importer(815301076,1909f56bfc062723c751e8b465ee728b)
Start importing Assets/Course Library/Characters/Farm/SimpleFarmer_Man_02_Brown.prefab using Guid(814f4326a50812947b2469896d89a215) Importer(815301076,1909f56bfc062723c751e8b465ee728b)  -> (artifact id: 'f3238c69efbe798507697ffec9344ade') in 0.055132 seconds 
========================================================================
Received Import Request.
  Time since last request: 0.000051 seconds.
  path: Assets/Course Library/Characters/Farm/SimpleFarmer_Woman_01_Brown.prefab
  artifactKey: Guid(f3f69bcf5a1514c458ed5c9b96f28e34) Importer(815301076,1909f56bfc062723c751e8b465ee728b)
Start importing Assets/Course Library/Characters/Farm/SimpleFarmer_Woman_01_Brown.prefab using Guid(f3f69bcf5a1514c458ed5c9b96f28e34) Importer(815301076,1909f56bfc062723c751e8b465ee728b)  -> (artifact id: '8a703d887f456e20f362b7710291a36f') in 0.056811 seconds 
========================================================================
Received Import Request.
  Time since last request: 0.000031 seconds.
  path: Assets/Course Library/Characters/Farm/SimpleFarmer_Woman_01_White.prefab
  artifactKey: Guid(3cf7f489270aac84fb12901330960a5b) Importer(815301076,1909f56bfc062723c751e8b465ee728b)
Start importing Assets/Course Library/Characters/Farm/SimpleFarmer_Woman_01_White.prefab using Guid(3cf7f489270aac84fb12901330960a5b) Importer(815301076,1909f56bfc062723c751e8b465ee728b)  -> (artifact id: 'fa5f0047bb4b840cb34e70057915670d') in 0.053144 seconds 
========================================================================
Received Import Request.
  Time since last request: 0.000031 seconds.
  path: Assets/Course Library/Characters/Farm/SimpleFarmer_Woman_02_Black.prefab
  artifactKey: Guid(0e1316a3e46fdb349b6ff648610a1d71) Importer(815301076,1909f56bfc062723c751e8b465ee728b)
Start importing Assets/Course Library/Characters/Farm/SimpleFarmer_Woman_02_Black.prefab using Guid(0e1316a3e46fdb349b6ff648610a1d71) Importer(815301076,1909f56bfc062723c751e8b465ee728b)  -> (artifact id: 'd6172af77e6b1dfa4628c251fc175770') in 0.058124 seconds 
========================================================================
Received Import Request.
  Time since last request: 0.000055 seconds.
  path: Assets/Course Library/Characters/Farm/SimpleFarmer_Woman_02_White.prefab
  artifactKey: Guid(7169122e91e1981469b2b6045ddf7963) Importer(815301076,1909f56bfc062723c751e8b465ee728b)
Start importing Assets/Course Library/Characters/Farm/SimpleFarmer_Woman_02_White.prefab using Guid(7169122e91e1981469b2b6045ddf7963) Importer(815301076,1909f56bfc062723c751e8b465ee728b)  -> (artifact id: 'eb4256cba2ecdaf8f9daaf24910d79b0') in 0.066075 seconds 
========================================================================
Received Import Request.
  Time since last request: 0.000049 seconds.
  path: Assets/Course Library/Characters/Farm/SimpleFarmer_Man_01_White.prefab
  artifactKey: Guid(3bd8a450fcb589542a7843ea7bda2ee6) Importer(815301076,1909f56bfc062723c751e8b465ee728b)
Start importing Assets/Course Library/Characters/Farm/SimpleFarmer_Man_01_White.prefab using Guid(3bd8a450fcb589542a7843ea7bda2ee6) Importer(815301076,1909f56bfc062723c751e8b465ee728b)  -> (artifact id: 'e7d0f717f99dfebe1ccad9af648496f2') in 0.058181 seconds 
Editor requested this worker to shutdown with reason: Scaling down because of idle timeout
AssetImportWorker is now disconnected from the server
Process exiting
Exiting without the bug reporter. Application will terminate with return code 0